Using pre-set license
Built from '2020.3/staging' branch; Version is '2020.3.10f1 (297d780c91bc) revision 2719096'; Using compiler version '192528614'; Build Type 'Release'
OS: 'Windows 10 Home; OS build 19043.928; Version 2009; 64bit' Language: 'en' Physical Memory: 16220 MB
BatchMode: 1, IsHumanControllingUs: 0, StartBugReporterOnCrash: 0, Is64bit: 1, IsPro: 0

 COMMAND LINE ARGUMENTS:
C:\Program Files\Unity\Hub\Editor\2020.3.10f1\Editor\Unity.exe
-adb2
-batchMode
-noUpm
-name
AssetImportWorker1
-projectPath
C:/unity/asgn_scripts
-logFile
Logs/AssetImportWorker1.log
-srvPort
54105
Successfully changed project path to: C:/unity/asgn_scripts
C:/unity/asgn_scripts
Using Asset Import Pipeline V2.
Refreshing native plugins compatible for Editor in 23.68 ms, found 2 plugins.
Preloading 0 native plugins for Editor in 0.00 ms.
Initialize engine version: 2020.3.10f1 (297d780c91bc)
[Subsystems] Discovering subsystems at path C:/Program Files/Unity/Hub/Editor/2020.3.10f1/Editor/Data/Resources/UnitySubsystems
[Subsystems] Discovering subsystems at path C:/unity/asgn_scripts/Assets
GfxDevice: creating device client; threaded=0
Direct3D:
    Version:  Direct3D 11.0 [level 11.1]
    Renderer: NVIDIA GeForce RTX 3060 Laptop GPU (ID=0x2520)
    Vendor:   
    VRAM:     6023 MB
    Driver:   27.21.14.6156
Initialize mono
Mono path[0] = 'C:/Program Files/Unity/Hub/Editor/2020.3.10f1/Editor/Data/Managed'
Mono path[1] = 'C:/Program Files/Unity/Hub/Editor/2020.3.10f1/Editor/Data/MonoBleedingEdge/lib/mono/unityjit'
Mono config path = 'C:/Program Files/Unity/Hub/Editor/2020.3.10f1/Editor/Data/MonoBleedingEdge/etc'
Using monoOptions --debugger-agent=transport=dt_socket,embedding=1,server=y,suspend=n,address=127.0.0.1:56836
Begin MonoManager ReloadAssembly
Registering precompiled unity dll's ...
Register platform support module: C:/Program Files/Unity/Hub/Editor/2020.3.10f1/Editor/Data/PlaybackEngines/WindowsStandaloneSupport/UnityEditor.WindowsStandalone.Extensions.dll
Registered in 0.001515 seconds.
Native extension for WindowsStandalone target not found
Refreshing native plugins compatible for Editor in 22.70 ms, found 2 plugins.
Preloading 0 native plugins for Editor in 0.00 ms.
Mono: successfully reloaded assembly
- Completed reload, in  2.001 seconds
Platform modules already initialized, skipping
Registering precompiled user dll's ...
Registered in 0.002850 seconds.
Begin MonoManager ReloadAssembly
Native extension for WindowsStandalone target not found
Refreshing native plugins compatible for Editor in 0.27 ms, found 2 plugins.
Preloading 0 native plugins for Editor in 0.00 ms.
Mono: successfully reloaded assembly
- Completed reload, in  0.889 seconds
Platform modules already initialized, skipping
========================================================================
Worker process is ready to serve import requests
Launched and connected shader compiler UnityShaderCompiler.exe after 0.03 seconds
Refreshing native plugins compatible for Editor in 0.27 ms, found 2 plugins.
Preloading 0 native plugins for Editor in 0.00 ms.
Unloading 1388 Unused Serialized files (Serialized files now loaded: 0)
System memory in use before: 64.8 MB.
System memory in use after: 64.8 MB.

Unloading 19 unused Assets to reduce memory usage. Loaded Objects now: 1822.
Total: 1.629900 ms (FindLiveObjects: 0.135800 ms CreateObjectMapping: 0.046000 ms MarkObjects: 1.385300 ms  DeleteObjects: 0.062200 ms)

========================================================================
Received Import Request.
  path: Assets/Rules/Rule3.asset
  artifactKey: Guid(47a91d2d46b75694984877aa4b0b1254) Importer(815301076,1909f56bfc062723c751e8b465ee728b)
Start importing Assets/Rules/Rule3.asset using Guid(47a91d2d46b75694984877aa4b0b1254) Importer(815301076,1909f56bfc062723c751e8b465ee728b)  -> (artifact id: '0e4bf1d7dd2ef2624f738ffe85e1863a') in 0.026383 seconds
  Import took 0.028309 seconds .

========================================================================
Received Import Request.
  Time since last request: 0.000191 seconds.
  path: Assets/Rules/Rule6.asset
  artifactKey: Guid(d126eace62794e040ac3f894580a5dec) Importer(815301076,1909f56bfc062723c751e8b465ee728b)
Start importing Assets/Rules/Rule6.asset using Guid(d126eace62794e040ac3f894580a5dec) Importer(815301076,1909f56bfc062723c751e8b465ee728b)  -> (artifact id: '92a7271cd2b98d67245f87bbaf057b22') in 0.006214 seconds
  Import took 0.008746 seconds .

========================================================================
Received Import Request.
  Time since last request: 0.000161 seconds.
  path: Assets/Rules/Rule2.asset
  artifactKey: Guid(8946b8942cb45a246aeff6c3bac2c6ab) Importer(815301076,1909f56bfc062723c751e8b465ee728b)
Start importing Assets/Rules/Rule2.asset using Guid(8946b8942cb45a246aeff6c3bac2c6ab) Importer(815301076,1909f56bfc062723c751e8b465ee728b)  -> (artifact id: 'c7f961ef1c50a17cc4ec51bc858c1285') in 0.005995 seconds
  Import took 0.007928 seconds .

========================================================================
Received Import Request.
  Time since last request: 0.000138 seconds.
  path: Assets/Rules/Rule1.asset
  artifactKey: Guid(0c98ccc0dcd184146801e86f4746c0ad) Importer(815301076,1909f56bfc062723c751e8b465ee728b)
Start importing Assets/Rules/Rule1.asset using Guid(0c98ccc0dcd184146801e86f4746c0ad) Importer(815301076,1909f56bfc062723c751e8b465ee728b)  -> (artifact id: '3944a0185af8d8fdfeaff8ae4caa1b21') in 0.006763 seconds
  Import took 0.009086 seconds .

========================================================================
Received Import Request.
  Time since last request: 0.000184 seconds.
  path: Assets/Rules/Rule5.asset
  artifactKey: Guid(f84fd494abbbf074cafdb40a980f4e4e) Importer(815301076,1909f56bfc062723c751e8b465ee728b)
Start importing Assets/Rules/Rule5.asset using Guid(f84fd494abbbf074cafdb40a980f4e4e) Importer(815301076,1909f56bfc062723c751e8b465ee728b)  -> (artifact id: '82f92afa692b3c92f66d0f383aeb6d65') in 0.006104 seconds
  Import took 0.008213 seconds .

========================================================================
Received Import Request.
  Time since last request: 0.000127 seconds.
  path: Assets/Rules/Rule4.asset
  artifactKey: Guid(49d301eb980333341bafea844b45563f) Importer(815301076,1909f56bfc062723c751e8b465ee728b)
Start importing Assets/Rules/Rule4.asset using Guid(49d301eb980333341bafea844b45563f) Importer(815301076,1909f56bfc062723c751e8b465ee728b)  -> (artifact id: 'b53adf63b6aa03dcd8de7cd34a31b9f1') in 0.005807 seconds
  Import took 0.007706 seconds .

========================================================================
Received Prepare
Refreshing native plugins compatible for Editor in 2.65 ms, found 2 plugins.
Preloading 0 native plugins for Editor in 0.00 ms.
Unloading 12 Unused Serialized files (Serialized files now loaded: 0)
System memory in use before: 37.4 MB.
System memory in use after: 37.5 MB.

Unloading 12 unused Assets to reduce memory usage. Loaded Objects now: 1822.
Total: 2.697300 ms (FindLiveObjects: 0.149300 ms CreateObjectMapping: 0.048400 ms MarkObjects: 2.372600 ms  DeleteObjects: 0.125400 ms)

AssetImportWorkerClient::OnTransportError - code=2 error=End of file
